# JRE version: OpenJDK Runtime Environment (8.0_192-b01) (build 1.8.0_192-b01)
# Java VM: OpenJDK 64-Bit Server VM (25.192-b01 mixed mode linux-amd64 compressed oops)
Heap:
 PSYoungGen      total 2150912K, used 1704090K [0x0000000718f80000, 0x00000007b3880000, 0x00000007c0000000)
  eden space 2069504K, 80% used [0x0000000718f80000,0x000000077e1e6a90,0x0000000797480000)
  from space 81408K, 57% used [0x0000000797480000,0x000000079a23fe18,0x000000079c400000)
  to   space 82944K, 0% used [0x00000007ae780000,0x00000007ae780000,0x00000007b3880000)
 ParOldGen       total 420352K, used 225822K [0x00000005cae00000, 0x00000005e4880000, 0x0000000718f80000)
  object space 420352K, 53% used [0x00000005cae00000,0x00000005d8a879c8,0x00000005e4880000)
 Metaspace       used 63799K, capacity 65289K, committed 65496K, reserved 1105920K
  class space    used 9150K, capacity 9662K, committed 9688K, reserved 1048576K
GC Heap History (10 events):
Event: 61.230 GC heap before
{Heap before GC invocations=24 (full 3):
 PSYoungGen      total 1533440K, used 1531889K [0x0000000718f80000, 0x000000077b380000, 0x00000007c0000000)
  eden space 1492480K, 100% used [0x0000000718f80000,0x0000000774100000,0x0000000774100000)
  from space 40960K, 96% used [0x0000000777000000,0x000000077967c560,0x0000000779800000)
  to   space 48128K, 0% used [0x0000000774100000,0x0000000774100000,0x0000000777000000)
 ParOldGen       total 420352K, used 192312K [0x00000005cae00000, 0x00000005e4880000, 0x0000000718f80000)
  object space 420352K, 45% used [0x00000005cae00000,0x00000005d69ce118,0x00000005e4880000)
 Metaspace       used 63652K, capacity 65219K, committed 65496K, reserved 1105920K
  class space    used 9149K, capacity 9661K, committed 9688K, reserved 1048576K
Event: 61.247 GC heap after
Heap after GC invocations=24 (full 3):
 PSYoungGen      total 1540608K, used 45128K [0x0000000718f80000, 0x0000000789380000, 0x00000007c0000000)
  eden space 1492480K, 0% used [0x0000000718f80000,0x0000000718f80000,0x0000000774100000)
  from space 48128K, 93% used [0x0000000774100000,0x0000000776d120f8,0x0000000777000000)
  to   space 55808K, 0% used [0x0000000785d00000,0x0000000785d00000,0x0000000789380000)
 ParOldGen       total 420352K, used 224720K [0x00000005cae00000, 0x00000005e4880000, 0x0000000718f80000)
  object space 420352K, 53% used [0x00000005cae00000,0x00000005d8974198,0x00000005e4880000)
 Metaspace       used 63652K, capacity 65219K, committed 65496K, reserved 1105920K
  class space    used 9149K, capacity 9661K, committed 9688K, reserved 1048576K
}
Event: 61.627 GC heap before
{Heap before GC invocations=25 (full 3):
 PSYoungGen      total 1540608K, used 1537608K [0x0000000718f80000, 0x0000000789380000, 0x00000007c0000000)
  eden space 1492480K, 100% used [0x0000000718f80000,0x0000000774100000,0x0000000774100000)
  from space 48128K, 93% used [0x0000000774100000,0x0000000776d120f8,0x0000000777000000)
  to   space 55808K, 0% used [0x0000000785d00000,0x0000000785d00000,0x0000000789380000)
 ParOldGen       total 420352K, used 224720K [0x00000005cae00000, 0x00000005e4880000, 0x0000000718f80000)
  object space 420352K, 53% used [0x00000005cae00000,0x00000005d8974198,0x00000005e4880000)
 Metaspace       used 63657K, capacity 65219K, committed 65496K, reserved 1105920K
  class space    used 9149K, capacity 9661K, committed 9688K, reserved 1048576K
Event: 61.643 GC heap after
Heap after GC invocations=25 (full 3):
 PSYoungGen      total 1774592K, used 52901K [0x0000000718f80000, 0x000000078e180000, 0x00000007c0000000)
  eden space 1718784K, 0% used [0x0000000718f80000,0x0000000718f80000,0x0000000781e00000)
  from space 55808K, 94% used [0x0000000785d00000,0x00000007890a95a8,0x0000000789380000)
  to   space 64512K, 0% used [0x0000000781e00000,0x0000000781e00000,0x0000000785d00000)
 ParOldGen       total 420352K, used 224720K [0x00000005cae00000, 0x00000005e4880000, 0x0000000718f80000)
  object space 420352K, 53% used [0x00000005cae00000,0x00000005d8974198,0x00000005e4880000)
 Metaspace       used 63657K, capacity 65219K, committed 65496K, reserved 1105920K
  class space    used 9149K, capacity 9661K, committed 9688K, reserved 1048576K
}
Event: 62.041 GC heap before
{Heap before GC invocations=26 (full 3):
 PSYoungGen      total 1774592K, used 1771685K [0x0000000718f80000, 0x000000078e180000, 0x00000007c0000000)
  eden space 1718784K, 100% used [0x0000000718f80000,0x0000000781e00000,0x0000000781e00000)
  from space 55808K, 94% used [0x0000000785d00000,0x00000007890a95a8,0x0000000789380000)
  to   space 64512K, 0% used [0x0000000781e00000,0x0000000781e00000,0x0000000785d00000)
 ParOldGen       total 420352K, used 224720K [0x00000005cae00000, 0x00000005e4880000, 0x0000000718f80000)
  object space 420352K, 53% used [0x00000005cae00000,0x00000005d8974198,0x00000005e4880000)
 Metaspace       used 63662K, capacity 65219K, committed 65496K, reserved 1105920K
  class space    used 9149K, capacity 9661K, committed 9688K, reserved 1048576K
Event: 62.053 GC heap after
Heap after GC invocations=26 (full 3):
 PSYoungGen      total 1783296K, used 52779K [0x0000000718f80000, 0x00000007a0a00000, 0x00000007c0000000)
  eden space 1718784K, 0% used [0x0000000718f80000,0x0000000718f80000,0x0000000781e00000)
  from space 64512K, 81% used [0x0000000781e00000,0x000000078518ae78,0x0000000785d00000)
  to   space 71680K, 0% used [0x000000079c400000,0x000000079c400000,0x00000007a0a00000)
 ParOldGen       total 420352K, used 224752K [0x00000005cae00000, 0x00000005e4880000, 0x0000000718f80000)
  object space 420352K, 53% used [0x00000005cae00000,0x00000005d897c198,0x00000005e4880000)
 Metaspace       used 63662K, capacity 65219K, committed 65496K, reserved 1105920K
  class space    used 9149K, capacity 9661K, committed 9688K, reserved 1048576K
}
Event: 62.651 GC heap before
{Heap before GC invocations=27 (full 3):
 PSYoungGen      total 1783296K, used 1771563K [0x0000000718f80000, 0x00000007a0a00000, 0x00000007c0000000)
  eden space 1718784K, 100% used [0x0000000718f80000,0x0000000781e00000,0x0000000781e00000)
  from space 64512K, 81% used [0x0000000781e00000,0x000000078518ae78,0x0000000785d00000)
  to   space 71680K, 0% used [0x000000079c400000,0x000000079c400000,0x00000007a0a00000)
 ParOldGen       total 420352K, used 224752K [0x00000005cae00000, 0x00000005e4880000, 0x0000000718f80000)
  object space 420352K, 53% used [0x00000005cae00000,0x00000005d897c198,0x00000005e4880000)
 Metaspace       used 63665K, capacity 65219K, committed 65496K, reserved 1105920K
  class space    used 9149K, capacity 9661K, committed 9688K, reserved 1048576K
Event: 62.665 GC heap after
Heap after GC invocations=27 (full 3):
 PSYoungGen      total 2141184K, used 63838K [0x0000000718f80000, 0x00000007a1e80000, 0x00000007c0000000)
  eden space 2069504K, 0% used [0x0000000718f80000,0x0000000718f80000,0x0000000797480000)
  from space 71680K, 89% used [0x000000079c400000,0x00000007a0257ae0,0x00000007a0a00000)
  to   space 81408K, 0% used [0x0000000797480000,0x0000000797480000,0x000000079c400000)
 ParOldGen       total 420352K, used 224946K [0x00000005cae00000, 0x00000005e4880000, 0x0000000718f80000)
  object space 420352K, 53% used [0x00000005cae00000,0x00000005d89ac9a8,0x00000005e4880000)
 Metaspace       used 63665K, capacity 65219K, committed 65496K, reserved 1105920K
  class space    used 9149K, capacity 9661K, committed 9688K, reserved 1048576K
}
Event: 64.573 GC heap before
{Heap before GC invocations=28 (full 3):
 PSYoungGen      total 2141184K, used 2133342K [0x0000000718f80000, 0x00000007a1e80000, 0x00000007c0000000)
  eden space 2069504K, 100% used [0x0000000718f80000,0x0000000797480000,0x0000000797480000)
  from space 71680K, 89% used [0x000000079c400000,0x00000007a0257ae0,0x00000007a0a00000)
  to   space 81408K, 0% used [0x0000000797480000,0x0000000797480000,0x000000079c400000)
 ParOldGen       total 420352K, used 224946K [0x00000005cae00000, 0x00000005e4880000, 0x0000000718f80000)
  object space 420352K, 53% used [0x00000005cae00000,0x00000005d89ac9a8,0x00000005e4880000)
 Metaspace       used 63720K, capacity 65219K, committed 65496K, reserved 1105920K
  class space    used 9149K, capacity 9661K, committed 9688K, reserved 1048576K
Event: 64.587 GC heap after
Heap after GC invocations=28 (full 3):
 PSYoungGen      total 2150912K, used 46847K [0x0000000718f80000, 0x00000007b3880000, 0x00000007c0000000)
  eden space 2069504K, 0% used [0x0000000718f80000,0x0000000718f80000,0x0000000797480000)
  from space 81408K, 57% used [0x0000000797480000,0x000000079a23fe18,0x000000079c400000)
  to   space 82944K, 0% used [0x00000007ae780000,0x00000007ae780000,0x00000007b3880000)
 ParOldGen       total 420352K, used 225822K [0x00000005cae00000, 0x00000005e4880000, 0x0000000718f80000)
  object space 420352K, 53% used [0x00000005cae00000,0x00000005d8a879c8,0x00000005e4880000)
 Metaspace       used 63720K, capacity 65219K, committed 65496K, reserved 1105920K
  class space    used 9149K, capacity 9661K, committed 9688K, reserved 1048576K
}

